<?xml version="1.0" encoding="UTF-8"?>
<testsuite xmlns:xsi="http://www.w3.org/2001/XMLSchema-instance" xsi:noNamespaceSchemaLocation="https://maven.apache.org/surefire/maven-surefire-plugin/xsd/surefire-test-report.xsd" name="com.team5.maven.IdentityResolution.AppTest" time="0.076" tests="1" errors="0" skipped="0" failures="0">
  <properties>
    <property name="java.specification.version" value="14"/>
    <property name="sun.cpu.isalist" value="amd64"/>
    <property name="sun.jnu.encoding" value="Cp1252"/>
    <property name="java.class.path" value="E:\2_Studium\1_Mannheim\3_Semester\Web Data Integration\Project\JavaProject\IdentityResolution\target\test-classes;E:\2_Studium\1_Mannheim\3_Semester\Web Data Integration\Project\JavaProject\IdentityResolution\target\classes;C:\Users\steph\.m2\repository\junit\junit\4.11\junit-4.11.jar;C:\Users\steph\.m2\repository\org\hamcrest\hamcrest-core\1.3\hamcrest-core-1.3.jar;C:\Users\steph\.m2\repository\de\uni_mannheim\informatik\dws\winter\1.3.2\winter-1.3.2.jar;C:\Users\steph\.m2\repository\com\wcohen\ss\secondstring\20120620\secondstring-20120620.jar;C:\Users\steph\.m2\repository\net\sf\opencsv\opencsv\2.3\opencsv-2.3.jar;C:\Users\steph\.m2\repository\org\apache\directory\studio\org.apache.commons.lang\2.6\org.apache.commons.lang-2.6.jar;C:\Users\steph\.m2\repository\commons-lang\commons-lang\2.6\commons-lang-2.6.jar;C:\Users\steph\.m2\repository\org\apache\lucene\lucene-core\4.6.0\lucene-core-4.6.0.jar;C:\Users\steph\.m2\repository\org\apache\lucene\lucene-queries\4.6.0\lucene-queries-4.6.0.jar;C:\Users\steph\.m2\repository\org\apache\lucene\lucene-analyzers-common\4.6.0\lucene-analyzers-common-4.6.0.jar;C:\Users\steph\.m2\repository\org\apache\lucene\lucene-queryparser\4.6.0\lucene-queryparser-4.6.0.jar;C:\Users\steph\.m2\repository\org\apache\lucene\lucene-sandbox\4.6.0\lucene-sandbox-4.6.0.jar;C:\Users\steph\.m2\repository\jakarta-regexp\jakarta-regexp\1.4\jakarta-regexp-1.4.jar;C:\Users\steph\.m2\repository\org\apache\lucene\lucene-grouping\4.6.0\lucene-grouping-4.6.0.jar;C:\Users\steph\.m2\repository\org\apache\commons\commons-lang3\3.1\commons-lang3-3.1.jar;C:\Users\steph\.m2\repository\commons-io\commons-io\1.3.2\commons-io-1.3.2.jar;C:\Users\steph\.m2\repository\org\apache\commons\commons-math3\3.2\commons-math3-3.2.jar;C:\Users\steph\.m2\repository\org\apache\jena\jena-tdb\3.3.0\jena-tdb-3.3.0.jar;C:\Users\steph\.m2\repository\org\apache\jena\jena-arq\3.3.0\jena-arq-3.3.0.jar;C:\Users\steph\.m2\repository\org\apache\jena\jena-core\3.3.0\jena-core-3.3.0.jar;C:\Users\steph\.m2\repository\org\apache\jena\jena-iri\3.3.0\jena-iri-3.3.0.jar;C:\Users\steph\.m2\repository\commons-cli\commons-cli\1.3\commons-cli-1.3.jar;C:\Users\steph\.m2\repository\org\apache\jena\jena-base\3.3.0\jena-base-3.3.0.jar;C:\Users\steph\.m2\repository\com\github\andrewoma\dexx\collection\0.6\collection-0.6.jar;C:\Users\steph\.m2\repository\org\apache\jena\jena-shaded-guava\3.3.0\jena-shaded-guava-3.3.0.jar;C:\Users\steph\.m2\repository\org\apache\httpcomponents\httpclient\4.5.2\httpclient-4.5.2.jar;C:\Users\steph\.m2\repository\org\apache\httpcomponents\httpcore\4.4.4\httpcore-4.4.4.jar;C:\Users\steph\.m2\repository\commons-codec\commons-codec\1.9\commons-codec-1.9.jar;C:\Users\steph\.m2\repository\com\github\jsonld-java\jsonld-java\0.9.0\jsonld-java-0.9.0.jar;C:\Users\steph\.m2\repository\com\fasterxml\jackson\core\jackson-core\2.7.4\jackson-core-2.7.4.jar;C:\Users\steph\.m2\repository\com\fasterxml\jackson\core\jackson-databind\2.7.4\jackson-databind-2.7.4.jar;C:\Users\steph\.m2\repository\com\fasterxml\jackson\core\jackson-annotations\2.7.0\jackson-annotations-2.7.0.jar;C:\Users\steph\.m2\repository\org\apache\httpcomponents\httpclient-cache\4.5.2\httpclient-cache-4.5.2.jar;C:\Users\steph\.m2\repository\org\apache\thrift\libthrift\0.9.3\libthrift-0.9.3.jar;C:\Users\steph\.m2\repository\org\slf4j\jcl-over-slf4j\1.7.21\jcl-over-slf4j-1.7.21.jar;C:\Users\steph\.m2\repository\org\apache\commons\commons-csv\1.3\commons-csv-1.3.jar;C:\Users\steph\.m2\repository\org\apache\jena\jena-rdfconnection\3.3.0\jena-rdfconnection-3.3.0.jar;C:\Users\steph\.m2\repository\org\slf4j\slf4j-api\1.7.21\slf4j-api-1.7.21.jar;C:\Users\steph\.m2\repository\com\beust\jcommander\1.48\jcommander-1.48.jar;C:\Users\steph\.m2\repository\com\google\code\gson\gson\2.4\gson-2.4.jar;C:\Users\steph\.m2\repository\edu\stanford\nlp\stanford-corenlp\3.4\stanford-corenlp-3.4.jar;C:\Users\steph\.m2\repository\com\io7m\xom\xom\1.2.10\xom-1.2.10.jar;C:\Users\steph\.m2\repository\xerces\xercesImpl\2.8.0\xercesImpl-2.8.0.jar;C:\Users\steph\.m2\repository\xalan\xalan\2.7.0\xalan-2.7.0.jar;C:\Users\steph\.m2\repository\joda-time\joda-time\2.1\joda-time-2.1.jar;C:\Users\steph\.m2\repository\de\jollyday\jollyday\0.4.7\jollyday-0.4.7.jar;C:\Users\steph\.m2\repository\javax\xml\bind\jaxb-api\2.2.7\jaxb-api-2.2.7.jar;C:\Users\steph\.m2\repository\com\googlecode\efficient-java-matrix-library\ejml\0.23\ejml-0.23.jar;C:\Users\steph\.m2\repository\javax\json\javax.json-api\1.0\javax.json-api-1.0.jar;C:\Users\steph\.m2\repository\edu\stanford\nlp\stanford-corenlp\3.4\stanford-corenlp-3.4-models.jar;C:\Users\steph\.m2\repository\nz\ac\waikato\cms\weka\weka-stable\3.8.1\weka-stable-3.8.1.jar;C:\Users\steph\.m2\repository\nz\ac\waikato\cms\weka\thirdparty\java-cup-11b\2015.03.26\java-cup-11b-2015.03.26.jar;C:\Users\steph\.m2\repository\nz\ac\waikato\cms\weka\thirdparty\java-cup-11b-runtime\2015.03.26\java-cup-11b-runtime-2015.03.26.jar;C:\Users\steph\.m2\repository\nz\ac\waikato\cms\weka\thirdparty\bounce\0.18\bounce-0.18.jar;C:\Users\steph\.m2\repository\com\googlecode\matrix-toolkits-java\mtj\1.0.4\mtj-1.0.4.jar;C:\Users\steph\.m2\repository\com\github\fommil\netlib\netlib-native_ref-osx-x86_64\1.1\netlib-native_ref-osx-x86_64-1.1-natives.jar;C:\Users\steph\.m2\repository\com\github\fommil\netlib\native_ref-java\1.1\native_ref-java-1.1.jar;C:\Users\steph\.m2\repository\com\github\fommil\jniloader\1.1\jniloader-1.1.jar;C:\Users\steph\.m2\repository\com\github\fommil\netlib\netlib-native_ref-linux-x86_64\1.1\netlib-native_ref-linux-x86_64-1.1-natives.jar;C:\Users\steph\.m2\repository\com\github\fommil\netlib\netlib-native_ref-linux-i686\1.1\netlib-native_ref-linux-i686-1.1-natives.jar;C:\Users\steph\.m2\repository\com\github\fommil\netlib\netlib-native_ref-win-x86_64\1.1\netlib-native_ref-win-x86_64-1.1-natives.jar;C:\Users\steph\.m2\repository\com\github\fommil\netlib\netlib-native_ref-win-i686\1.1\netlib-native_ref-win-i686-1.1-natives.jar;C:\Users\steph\.m2\repository\com\github\fommil\netlib\netlib-native_ref-linux-armhf\1.1\netlib-native_ref-linux-armhf-1.1-natives.jar;C:\Users\steph\.m2\repository\com\github\fommil\netlib\netlib-native_system-osx-x86_64\1.1\netlib-native_system-osx-x86_64-1.1-natives.jar;C:\Users\steph\.m2\repository\com\github\fommil\netlib\native_system-java\1.1\native_system-java-1.1.jar;C:\Users\steph\.m2\repository\com\github\fommil\netlib\netlib-native_system-linux-x86_64\1.1\netlib-native_system-linux-x86_64-1.1-natives.jar;C:\Users\steph\.m2\repository\com\github\fommil\netlib\netlib-native_system-linux-i686\1.1\netlib-native_system-linux-i686-1.1-natives.jar;C:\Users\steph\.m2\repository\com\github\fommil\netlib\netlib-native_system-linux-armhf\1.1\netlib-native_system-linux-armhf-1.1-natives.jar;C:\Users\steph\.m2\repository\com\github\fommil\netlib\netlib-native_system-win-x86_64\1.1\netlib-native_system-win-x86_64-1.1-natives.jar;C:\Users\steph\.m2\repository\com\github\fommil\netlib\netlib-native_system-win-i686\1.1\netlib-native_system-win-i686-1.1-natives.jar;C:\Users\steph\.m2\repository\net\sourceforge\f2j\arpack_combined_all\0.1\arpack_combined_all-0.1.jar;C:\Users\steph\.m2\repository\com\googlecode\netlib-java\netlib-java\1.1\netlib-java-1.1.jar;C:\Users\steph\.m2\repository\com\github\fommil\netlib\core\1.1\core-1.1.jar;C:\Users\steph\.m2\repository\org\jgrapht\jgrapht-core\1.0.1\jgrapht-core-1.0.1.jar;C:\Users\steph\.m2\repository\org\apache\logging\log4j\log4j-core\2.7\log4j-core-2.7.jar;C:\Users\steph\.m2\repository\org\apache\logging\log4j\log4j-api\2.7\log4j-api-2.7.jar;C:\Users\steph\.m2\repository\org\apache\logging\log4j\log4j-slf4j-impl\2.7\log4j-slf4j-impl-2.7.jar;C:\Users\steph\.m2\repository\dom4j\dom4j\1.6.1\dom4j-1.6.1.jar;C:\Users\steph\.m2\repository\xml-apis\xml-apis\1.0.b2\xml-apis-1.0.b2.jar;C:\Users\steph\.m2\repository\jaxen\jaxen\1.1.6\jaxen-1.1.6.jar;"/>
    <property name="java.vm.vendor" value="Oracle Corporation"/>
    <property name="sun.arch.data.model" value="64"/>
    <property name="user.variant" value=""/>
    <property name="java.vendor.url" value="https://java.oracle.com/"/>
    <property name="user.timezone" value="Europe/Berlin"/>
    <property name="os.name" value="Windows 10"/>
    <property name="java.vm.specification.version" value="14"/>
    <property name="sun.java.launcher" value="SUN_STANDARD"/>
    <property name="user.country" value="DE"/>
    <property name="sun.boot.library.path" value="C:\Users\steph\.p2\pool\plugins\org.eclipse.justj.openjdk.hotspot.jre.full.win32.x86_64_14.0.2.v20200815-0932\jre\bin"/>
    <property name="sun.java.command" value="C:\Users\steph\AppData\Local\Temp\surefire17436574650154012937\surefirebooter17183587482855840082.jar C:\Users\steph\AppData\Local\Temp\surefire17436574650154012937 2020-11-18T18-27-32_882-jvmRun1 surefire13342261420487528179tmp surefire_016707399984147021052tmp"/>
    <property name="jdk.debug" value="release"/>
    <property name="surefire.test.class.path" value="E:\2_Studium\1_Mannheim\3_Semester\Web Data Integration\Project\JavaProject\IdentityResolution\target\test-classes;E:\2_Studium\1_Mannheim\3_Semester\Web Data Integration\Project\JavaProject\IdentityResolution\target\classes;C:\Users\steph\.m2\repository\junit\junit\4.11\junit-4.11.jar;C:\Users\steph\.m2\repository\org\hamcrest\hamcrest-core\1.3\hamcrest-core-1.3.jar;C:\Users\steph\.m2\repository\de\uni_mannheim\informatik\dws\winter\1.3.2\winter-1.3.2.jar;C:\Users\steph\.m2\repository\com\wcohen\ss\secondstring\20120620\secondstring-20120620.jar;C:\Users\steph\.m2\repository\net\sf\opencsv\opencsv\2.3\opencsv-2.3.jar;C:\Users\steph\.m2\repository\org\apache\directory\studio\org.apache.commons.lang\2.6\org.apache.commons.lang-2.6.jar;C:\Users\steph\.m2\repository\commons-lang\commons-lang\2.6\commons-lang-2.6.jar;C:\Users\steph\.m2\repository\org\apache\lucene\lucene-core\4.6.0\lucene-core-4.6.0.jar;C:\Users\steph\.m2\repository\org\apache\lucene\lucene-queries\4.6.0\lucene-queries-4.6.0.jar;C:\Users\steph\.m2\repository\org\apache\lucene\lucene-analyzers-common\4.6.0\lucene-analyzers-common-4.6.0.jar;C:\Users\steph\.m2\repository\org\apache\lucene\lucene-queryparser\4.6.0\lucene-queryparser-4.6.0.jar;C:\Users\steph\.m2\repository\org\apache\lucene\lucene-sandbox\4.6.0\lucene-sandbox-4.6.0.jar;C:\Users\steph\.m2\repository\jakarta-regexp\jakarta-regexp\1.4\jakarta-regexp-1.4.jar;C:\Users\steph\.m2\repository\org\apache\lucene\lucene-grouping\4.6.0\lucene-grouping-4.6.0.jar;C:\Users\steph\.m2\repository\org\apache\commons\commons-lang3\3.1\commons-lang3-3.1.jar;C:\Users\steph\.m2\repository\commons-io\commons-io\1.3.2\commons-io-1.3.2.jar;C:\Users\steph\.m2\repository\org\apache\commons\commons-math3\3.2\commons-math3-3.2.jar;C:\Users\steph\.m2\repository\org\apache\jena\jena-tdb\3.3.0\jena-tdb-3.3.0.jar;C:\Users\steph\.m2\repository\org\apache\jena\jena-arq\3.3.0\jena-arq-3.3.0.jar;C:\Users\steph\.m2\repository\org\apache\jena\jena-core\3.3.0\jena-core-3.3.0.jar;C:\Users\steph\.m2\repository\org\apache\jena\jena-iri\3.3.0\jena-iri-3.3.0.jar;C:\Users\steph\.m2\repository\commons-cli\commons-cli\1.3\commons-cli-1.3.jar;C:\Users\steph\.m2\repository\org\apache\jena\jena-base\3.3.0\jena-base-3.3.0.jar;C:\Users\steph\.m2\repository\com\github\andrewoma\dexx\collection\0.6\collection-0.6.jar;C:\Users\steph\.m2\repository\org\apache\jena\jena-shaded-guava\3.3.0\jena-shaded-guava-3.3.0.jar;C:\Users\steph\.m2\repository\org\apache\httpcomponents\httpclient\4.5.2\httpclient-4.5.2.jar;C:\Users\steph\.m2\repository\org\apache\httpcomponents\httpcore\4.4.4\httpcore-4.4.4.jar;C:\Users\steph\.m2\repository\commons-codec\commons-codec\1.9\commons-codec-1.9.jar;C:\Users\steph\.m2\repository\com\github\jsonld-java\jsonld-java\0.9.0\jsonld-java-0.9.0.jar;C:\Users\steph\.m2\repository\com\fasterxml\jackson\core\jackson-core\2.7.4\jackson-core-2.7.4.jar;C:\Users\steph\.m2\repository\com\fasterxml\jackson\core\jackson-databind\2.7.4\jackson-databind-2.7.4.jar;C:\Users\steph\.m2\repository\com\fasterxml\jackson\core\jackson-annotations\2.7.0\jackson-annotations-2.7.0.jar;C:\Users\steph\.m2\repository\org\apache\httpcomponents\httpclient-cache\4.5.2\httpclient-cache-4.5.2.jar;C:\Users\steph\.m2\repository\org\apache\thrift\libthrift\0.9.3\libthrift-0.9.3.jar;C:\Users\steph\.m2\repository\org\slf4j\jcl-over-slf4j\1.7.21\jcl-over-slf4j-1.7.21.jar;C:\Users\steph\.m2\repository\org\apache\commons\commons-csv\1.3\commons-csv-1.3.jar;C:\Users\steph\.m2\repository\org\apache\jena\jena-rdfconnection\3.3.0\jena-rdfconnection-3.3.0.jar;C:\Users\steph\.m2\repository\org\slf4j\slf4j-api\1.7.21\slf4j-api-1.7.21.jar;C:\Users\steph\.m2\repository\com\beust\jcommander\1.48\jcommander-1.48.jar;C:\Users\steph\.m2\repository\com\google\code\gson\gson\2.4\gson-2.4.jar;C:\Users\steph\.m2\repository\edu\stanford\nlp\stanford-corenlp\3.4\stanford-corenlp-3.4.jar;C:\Users\steph\.m2\repository\com\io7m\xom\xom\1.2.10\xom-1.2.10.jar;C:\Users\steph\.m2\repository\xerces\xercesImpl\2.8.0\xercesImpl-2.8.0.jar;C:\Users\steph\.m2\repository\xalan\xalan\2.7.0\xalan-2.7.0.jar;C:\Users\steph\.m2\repository\joda-time\joda-time\2.1\joda-time-2.1.jar;C:\Users\steph\.m2\repository\de\jollyday\jollyday\0.4.7\jollyday-0.4.7.jar;C:\Users\steph\.m2\repository\javax\xml\bind\jaxb-api\2.2.7\jaxb-api-2.2.7.jar;C:\Users\steph\.m2\repository\com\googlecode\efficient-java-matrix-library\ejml\0.23\ejml-0.23.jar;C:\Users\steph\.m2\repository\javax\json\javax.json-api\1.0\javax.json-api-1.0.jar;C:\Users\steph\.m2\repository\edu\stanford\nlp\stanford-corenlp\3.4\stanford-corenlp-3.4-models.jar;C:\Users\steph\.m2\repository\nz\ac\waikato\cms\weka\weka-stable\3.8.1\weka-stable-3.8.1.jar;C:\Users\steph\.m2\repository\nz\ac\waikato\cms\weka\thirdparty\java-cup-11b\2015.03.26\java-cup-11b-2015.03.26.jar;C:\Users\steph\.m2\repository\nz\ac\waikato\cms\weka\thirdparty\java-cup-11b-runtime\2015.03.26\java-cup-11b-runtime-2015.03.26.jar;C:\Users\steph\.m2\repository\nz\ac\waikato\cms\weka\thirdparty\bounce\0.18\bounce-0.18.jar;C:\Users\steph\.m2\repository\com\googlecode\matrix-toolkits-java\mtj\1.0.4\mtj-1.0.4.jar;C:\Users\steph\.m2\repository\com\github\fommil\netlib\netlib-native_ref-osx-x86_64\1.1\netlib-native_ref-osx-x86_64-1.1-natives.jar;C:\Users\steph\.m2\repository\com\github\fommil\netlib\native_ref-java\1.1\native_ref-java-1.1.jar;C:\Users\steph\.m2\repository\com\github\fommil\jniloader\1.1\jniloader-1.1.jar;C:\Users\steph\.m2\repository\com\github\fommil\netlib\netlib-native_ref-linux-x86_64\1.1\netlib-native_ref-linux-x86_64-1.1-natives.jar;C:\Users\steph\.m2\repository\com\github\fommil\netlib\netlib-native_ref-linux-i686\1.1\netlib-native_ref-linux-i686-1.1-natives.jar;C:\Users\steph\.m2\repository\com\github\fommil\netlib\netlib-native_ref-win-x86_64\1.1\netlib-native_ref-win-x86_64-1.1-natives.jar;C:\Users\steph\.m2\repository\com\github\fommil\netlib\netlib-native_ref-win-i686\1.1\netlib-native_ref-win-i686-1.1-natives.jar;C:\Users\steph\.m2\repository\com\github\fommil\netlib\netlib-native_ref-linux-armhf\1.1\netlib-native_ref-linux-armhf-1.1-natives.jar;C:\Users\steph\.m2\repository\com\github\fommil\netlib\netlib-native_system-osx-x86_64\1.1\netlib-native_system-osx-x86_64-1.1-natives.jar;C:\Users\steph\.m2\repository\com\github\fommil\netlib\native_system-java\1.1\native_system-java-1.1.jar;C:\Users\steph\.m2\repository\com\github\fommil\netlib\netlib-native_system-linux-x86_64\1.1\netlib-native_system-linux-x86_64-1.1-natives.jar;C:\Users\steph\.m2\repository\com\github\fommil\netlib\netlib-native_system-linux-i686\1.1\netlib-native_system-linux-i686-1.1-natives.jar;C:\Users\steph\.m2\repository\com\github\fommil\netlib\netlib-native_system-linux-armhf\1.1\netlib-native_system-linux-armhf-1.1-natives.jar;C:\Users\steph\.m2\repository\com\github\fommil\netlib\netlib-native_system-win-x86_64\1.1\netlib-native_system-win-x86_64-1.1-natives.jar;C:\Users\steph\.m2\repository\com\github\fommil\netlib\netlib-native_system-win-i686\1.1\netlib-native_system-win-i686-1.1-natives.jar;C:\Users\steph\.m2\repository\net\sourceforge\f2j\arpack_combined_all\0.1\arpack_combined_all-0.1.jar;C:\Users\steph\.m2\repository\com\googlecode\netlib-java\netlib-java\1.1\netlib-java-1.1.jar;C:\Users\steph\.m2\repository\com\github\fommil\netlib\core\1.1\core-1.1.jar;C:\Users\steph\.m2\repository\org\jgrapht\jgrapht-core\1.0.1\jgrapht-core-1.0.1.jar;C:\Users\steph\.m2\repository\org\apache\logging\log4j\log4j-core\2.7\log4j-core-2.7.jar;C:\Users\steph\.m2\repository\org\apache\logging\log4j\log4j-api\2.7\log4j-api-2.7.jar;C:\Users\steph\.m2\repository\org\apache\logging\log4j\log4j-slf4j-impl\2.7\log4j-slf4j-impl-2.7.jar;C:\Users\steph\.m2\repository\dom4j\dom4j\1.6.1\dom4j-1.6.1.jar;C:\Users\steph\.m2\repository\xml-apis\xml-apis\1.0.b2\xml-apis-1.0.b2.jar;C:\Users\steph\.m2\repository\jaxen\jaxen\1.1.6\jaxen-1.1.6.jar;"/>
    <property name="sun.cpu.endian" value="little"/>
    <property name="user.home" value="C:\Users\steph"/>
    <property name="user.language" value="de"/>
    <property name="java.specification.vendor" value="Oracle Corporation"/>
    <property name="java.version.date" value="2020-07-14"/>
    <property name="java.home" value="C:\Users\steph\.p2\pool\plugins\org.eclipse.justj.openjdk.hotspot.jre.full.win32.x86_64_14.0.2.v20200815-0932\jre"/>
    <property name="file.separator" value="\"/>
    <property name="basedir" value="E:\2_Studium\1_Mannheim\3_Semester\Web Data Integration\Project\JavaProject\IdentityResolution"/>
    <property name="java.vm.compressedOopsMode" value="Zero based"/>
    <property name="line.separator" value="&#10;"/>
    <property name="java.vm.specification.vendor" value="Oracle Corporation"/>
    <property name="java.specification.name" value="Java Platform API Specification"/>
    <property name="surefire.real.class.path" value="C:\Users\steph\AppData\Local\Temp\surefire17436574650154012937\surefirebooter17183587482855840082.jar"/>
    <property name="user.script" value=""/>
    <property name="sun.management.compiler" value="HotSpot 64-Bit Tiered Compilers"/>
    <property name="java.runtime.version" value="14.0.2+12-46"/>
    <property name="user.name" value="steph"/>
    <property name="path.separator" value=";"/>
    <property name="os.version" value="10.0"/>
    <property name="java.runtime.name" value="OpenJDK Runtime Environment"/>
    <property name="file.encoding" value="Cp1252"/>
    <property name="java.vm.name" value="OpenJDK 64-Bit Server VM"/>
    <property name="localRepository" value="C:\Users\steph\.m2\repository"/>
    <property name="java.vendor.url.bug" value="https://bugreport.java.com/bugreport/"/>
    <property name="java.io.tmpdir" value="C:\Users\steph\AppData\Local\Temp\"/>
    <property name="java.version" value="14.0.2"/>
    <property name="user.dir" value="E:\2_Studium\1_Mannheim\3_Semester\Web Data Integration\Project\JavaProject\IdentityResolution"/>
    <property name="os.arch" value="amd64"/>
    <property name="java.vm.specification.name" value="Java Virtual Machine Specification"/>
    <property name="sun.os.patch.level" value=""/>
    <property name="java.library.path" value="C:\Users\steph\.p2\pool\plugins\org.eclipse.justj.openjdk.hotspot.jre.full.win32.x86_64_14.0.2.v20200815-0932\jre\bin;C:\WINDOWS\Sun\Java\bin;C:\WINDOWS\system32;C:\WINDOWS;C:/Users/steph/.p2/pool/plugins/org.eclipse.justj.openjdk.hotspot.jre.full.win32.x86_64_14.0.2.v20200815-0932/jre/bin/server;C:/Users/steph/.p2/pool/plugins/org.eclipse.justj.openjdk.hotspot.jre.full.win32.x86_64_14.0.2.v20200815-0932/jre/bin;C:\WINDOWS\system32;C:\WINDOWS;C:\WINDOWS\System32\Wbem;C:\WINDOWS\System32\WindowsPowerShell\v1.0\;C:\WINDOWS\System32\OpenSSH\;C:\Program Files\PuTTY\;C:\Program Files\Git\cmd;C:\Program Files (x86)\Calibre2\;C:\Users\steph\Anaconda3;C:\Users\steph\Anaconda3\Library\mingw-w64\bin;C:\Users\steph\Anaconda3\Library\usr\bin;C:\Users\steph\Anaconda3\Library\bin;C:\Users\steph\Anaconda3\Scripts;C:\Users\steph\AppData\Local\Microsoft\WindowsApps;C:\Users\steph\AppData\Local\Programs\Microsoft VS Code\bin;C:\Users\steph\Anaconda3\Library\bin\graphviz;C:\Users\steph\AppData\Local\Microsoft\WindowsApps;C:\Users\steph\eclipse\java-2020-09\eclipse;;."/>
    <property name="java.vm.info" value="mixed mode"/>
    <property name="java.vendor" value="Oracle Corporation"/>
    <property name="java.vm.version" value="14.0.2+12-46"/>
    <property name="sun.io.unicode.encoding" value="UnicodeLittle"/>
    <property name="java.class.version" value="58.0"/>
  </properties>
  <testcase name="shouldAnswerWithTrue" classname="com.team5.maven.IdentityResolution.AppTest" time="0.003"/>
</testsuite>